[debug] [2024-10-21T01:05:57.014Z] ----------------------------------------------------------------------
[debug] [2024-10-21T01:05:57.019Z] Command:       C:\Program Files\nodejs\node.exe C:\Users\RAGHU\AppData\Roaming\npm\node_modules\firebase-tools\lib\bin\firebase.js init
[debug] [2024-10-21T01:05:57.019Z] CLI Version:   13.22.1
[debug] [2024-10-21T01:05:57.020Z] Platform:      win32
[debug] [2024-10-21T01:05:57.020Z] Node Version:  v20.17.0
[debug] [2024-10-21T01:05:57.020Z] Time:          Mon Oct 21 2024 06:35:57 GMT+0530 (India Standard Time)
[debug] [2024-10-21T01:05:57.020Z] ----------------------------------------------------------------------
[debug] 
[debug] [2024-10-21T01:05:57.025Z] >>> [apiv2][query] GET https://firebase-public.firebaseio.com/cli.json [none]
[debug] [2024-10-21T01:05:57.221Z] > command requires scopes: ["email","openid","https://www.googleapis.com/auth/cloudplatformprojects.readonly","https://www.googleapis.com/auth/firebase","https://www.googleapis.com/auth/cloud-platform"]
[debug] [2024-10-21T01:05:57.221Z] > authorizing via signed-in user (iraghuramaraju7@gmail.com)
[info] 
     ######## #### ########  ######## ########     ###     ######  ########
     ##        ##  ##     ## ##       ##     ##  ##   ##  ##       ##
     ######    ##  ########  ######   ########  #########  ######  ######
     ##        ##  ##    ##  ##       ##     ## ##     ##       ## ##
     ##       #### ##     ## ######## ########  ##     ##  ######  ########

You're about to initialize a Firebase project in this directory:

  C:\Users\RAGHU

Before we get started, keep in mind:

  * You are initializing within an existing Firebase project directory

[debug] [2024-10-21T01:05:58.110Z] <<< [apiv2][status] GET https://firebase-public.firebaseio.com/cli.json 200
[debug] [2024-10-21T01:05:58.111Z] <<< [apiv2][body] GET https://firebase-public.firebaseio.com/cli.json {"cloudBuildErrorAfter":1594252800000,"cloudBuildWarnAfter":1590019200000,"defaultNode10After":1594252800000,"minVersion":"3.0.5","node8DeploysDisabledAfter":1613390400000,"node8RuntimeDisabledAfter":1615809600000,"node8WarnAfter":1600128000000}
[info] 
=== Project Setup
[info] 
[info] First, let's associate this project directory with a Firebase project.
[info] You can create multiple project aliases by running firebase use --add, 
[info] but for now we'll just set up a default project.
[info] 
[debug] [2024-10-21T01:06:07.168Z] Using project from CLI flag: raghu-weather-report
[debug] [2024-10-21T01:06:07.169Z] Checked if tokens are valid: false, expires at: 1729161091602
[debug] [2024-10-21T01:06:07.169Z] Checked if tokens are valid: false, expires at: 1729161091602
[debug] [2024-10-21T01:06:07.170Z] > refreshing access token with scopes: []
[debug] [2024-10-21T01:06:07.171Z] >>> [apiv2][query] POST https://www.googleapis.com/oauth2/v3/token [none]
[debug] [2024-10-21T01:06:07.172Z] >>> [apiv2][body] POST https://www.googleapis.com/oauth2/v3/token [omitted]
[debug] [2024-10-21T01:06:09.223Z] <<< [apiv2][status] POST https://www.googleapis.com/oauth2/v3/token 200
[debug] [2024-10-21T01:06:09.223Z] <<< [apiv2][body] POST https://www.googleapis.com/oauth2/v3/token [omitted]
[debug] [2024-10-21T01:06:10.390Z] >>> [apiv2][query] GET https://firebase.googleapis.com/v1beta1/projects/raghu-weather-report [none]
[debug] [2024-10-21T01:06:11.908Z] <<< [apiv2][status] GET https://firebase.googleapis.com/v1beta1/projects/raghu-weather-report 403
[debug] [2024-10-21T01:06:11.908Z] <<< [apiv2][body] GET https://firebase.googleapis.com/v1beta1/projects/raghu-weather-report {"error":{"code":403,"message":"The caller does not have permission","status":"PERMISSION_DENIED"}}
[debug] [2024-10-21T01:06:11.909Z] HTTP Error: 403, The caller does not have permission
[debug] [2024-10-21T01:06:13.943Z] FirebaseError: HTTP Error: 403, The caller does not have permission
    at responseToError (C:\Users\RAGHU\AppData\Roaming\npm\node_modules\firebase-tools\lib\responseToError.js:49:12)
    at RetryOperation._fn (C:\Users\RAGHU\AppData\Roaming\npm\node_modules\firebase-tools\lib\apiv2.js:312:77)
    at process.processTicksAndRejections (node:internal/process/task_queues:95:5)
[error] 
[error] Error: Failed to get Firebase project raghu-weather-report. Please make sure the project exists and your account has permission to access it.
